Arguments: 
  C:\Program Files\nodejs\node.exe C:\Program Files (x86)\Yarn\bin\yarn.js add docusaurus --dev

PATH: 
  C:\WINDOWS\system32;C:\WINDOWS;C:\WINDOWS\System32\Wbem;C:\WINDOWS\System32\WindowsPowerShell\v1.0\;C:\WINDOWS\System32\OpenSSH\;C:\Program Files\Microsoft SQL Server\130\Tools\Binn\;C:\Program Files\Microsoft SQL Server\Client SDK\ODBC\170\Tools\Binn\;C:\Program Files (x86)\Microsoft SQL Server\150\Tools\Binn\;C:\Program Files\Microsoft SQL Server\150\Tools\Binn\;C:\Program Files\Microsoft SQL Server\150\DTS\Binn\;C:\Program Files (x86)\Microsoft SQL Server\150\DTS\Binn\;C:\Program Files\nodejs\;C:\Program Files (x86)\Yarn\bin\;C:\Program Files\dotnet\;C:\Program Files\Git\cmd;C:\Program Files (x86)\Microsoft SQL Server\110\DTS\Binn\;C:\Program Files (x86)\Microsoft SQL Server\120\DTS\Binn\;C:\Program Files (x86)\Microsoft SQL Server\130\DTS\Binn\;C:\Program Files (x86)\Microsoft SQL Server\140\DTS\Binn\;C:\Users\sumit.kharche\AppData\Local\Microsoft\WindowsApps;C:\Users\sumit.kharche\AppData\Roaming\npm;C:\Users\sumit.kharche\AppData\Local\Yarn\bin;C:\Users\sumit.kharche\AppData\Local\Programs\Microsoft VS Code\bin;C:\Users\sumit.kharche\.dotnet\tools;%USERPROFILE%\AppData\Local\Microsoft\WindowsApps;

Yarn version: 
  1.22.0

Node version: 
  12.16.1

Platform: 
  win32 x64

Trace: 
  Error: C:\My Projects\docusaurus-swa-app\website\node_modules\optipng-bin: spawn EPERM
      at ChildProcess.spawn (internal/child_process.js:407:11)
      at Object.spawn (child_process.js:548:9)
      at C:\Program Files (x86)\Yarn\lib\cli.js:25829:24
      at new Promise (<anonymous>)
      at new F (C:\Program Files (x86)\Yarn\lib\cli.js:5301:28)
      at C:\Program Files (x86)\Yarn\lib\cli.js:25828:12
      at run (C:\Program Files (x86)\Yarn\lib\cli.js:43132:7)
      at BlockingQueue.maybePushConcurrencyQueue (C:\Program Files (x86)\Yarn\lib\cli.js:43147:7)
      at BlockingQueue.shift (C:\Program Files (x86)\Yarn\lib\cli.js:43142:10)
      at C:\Program Files (x86)\Yarn\lib\cli.js:43086:15

npm manifest: 
  {
    "scripts": {
      "examples": "docusaurus-examples"
    }
  }

yarn manifest: 
  No manifest

Lockfile: 
  No lockfile
